derac_mocy@ubuntuserverlts:$ cat /var/log/system_hardening.log

Starting system hardening...
[+] Disabling root SSH login...
Failed to restart sshd.service: Unit sshd.service not found.
[+] Setting strong password policies...
[+] Enabling UFW and setting basic rules...
Default incoming policy changed to 'deny'
(be sure to update your rules accordingly)
Default outgoing policy changed to 'allow'
(be sure to update your rules accordingly)
Rules updated
Rules updated (v6)
Firewall is active and enabled on system startup
[+] Disabling unused services...
[+] Installing and enabling auditd...

WARNING: apt does not have a stable CLI interface. Use with caution in scripts.

Hit:1 http://th.archive.ubuntu.com/ubuntu noble InRelease
Hit:2 http://th.archive.ubuntu.com/ubuntu noble-updates InRelease
Hit:3 http://th.archive.ubuntu.com/ubuntu noble-backports InRelease
Get:4 http://security.ubuntu.com/ubuntu noble-security InRelease [126 kB]
Get:5 http://security.ubuntu.com/ubuntu noble-security/main amd64 Components [21.5 kB]
Get:6 http://security.ubuntu.com/ubuntu noble-security/restricted amd64 Components [212 B]
Get:7 http://security.ubuntu.com/ubuntu noble-security/universe amd64 Components [52.3 kB]
Get:8 http://security.ubuntu.com/ubuntu noble-security/multiverse amd64 Components [212 B]
Fetched 200 kB in 2s (81.0 kB/s)
Reading package lists...
Building dependency tree...
Reading state information...
64 packages can be upgraded. Run 'apt list --upgradable' to see them.

WARNING: apt does not have a stable CLI interface. Use with caution in scripts.

Reading package lists...
Building dependency tree...
Reading state information...
The following additional packages will be installed:
  libauparse0t64
Suggested packages:
  audispd-plugins
The following NEW packages will be installed:
  auditd libauparse0t64
0 upgraded, 2 newly installed, 0 to remove and 64 not upgraded.
Need to get 274 kB of archives.
After this operation, 893 kB of additional disk space will be used.
Get:1 http://th.archive.ubuntu.com/ubuntu noble-updates/main amd64 libauparse0t64 amd64 1:3.1.2-2.1build1.1 [58.9 kB]
Get:2 http://th.archive.ubuntu.com/ubuntu noble-updates/main amd64 auditd amd64 1:3.1.2-2.1build1.1 [215 kB]
Fetched 274 kB in 1s (314 kB/s)
Selecting previously unselected package libauparse0t64:amd64.
(Reading database ... 86937 files and directories currently installed.)
Preparing to unpack .../libauparse0t64_1%3a3.1.2-2.1build1.1_amd64.deb ...
Adding 'diversion of /lib/x86_64-linux-gnu/libauparse.so.0 to /lib/x86_64-linux-gnu/libauparse.so.0.usr-is-merged by libauparse0t64'
Adding 'diversion of /lib/x86_64-linux-gnu/libauparse.so.0.0.0 to /lib/x86_64-linux-gnu/libauparse.so.0.0.0.usr-is-merged by libauparse0t64'
Unpacking libauparse0t64:amd64 (1:3.1.2-2.1build1.1) ...
Selecting previously unselected package auditd.
Preparing to unpack .../auditd_1%3a3.1.2-2.1build1.1_amd64.deb ...
Unpacking auditd (1:3.1.2-2.1build1.1) ...
Setting up libauparse0t64:amd64 (1:3.1.2-2.1build1.1) ...
Setting up auditd (1:3.1.2-2.1build1.1) ...
Created symlink /etc/systemd/system/multi-user.target.wants/auditd.service → /usr/lib/systemd/system/auditd.service.
Processing triggers for man-db (2.12.0-4build2) ...
Processing triggers for libc-bin (2.39-0ubuntu8.4) ...

Running kernel seems to be up-to-date.

No services need to be restarted.

No containers need to be restarted.

No user sessions are running outdated binaries.

No VM guests are running outdated hypervisor (qemu) binaries on this host.
Synchronizing state of auditd.service with SysV service script with /usr/lib/systemd/systemd-sysv-install.
Executing: /usr/lib/systemd/systemd-sysv-install enable auditd
[+] Securing critical system files...
[✔] System hardening completed successfully!